[debug] [2023-07-29T10:11:34.512Z] ----------------------------------------------------------------------
[debug] [2023-07-29T10:11:34.516Z] Command:       C:\Program Files\nodejs\node.exe C:\Users\rjskg\AppData\Roaming\npm\node_modules\firebase-tools\lib\bin\firebase.js init hosting
[debug] [2023-07-29T10:11:34.517Z] CLI Version:   11.2.1
[debug] [2023-07-29T10:11:34.517Z] Platform:      win32
[debug] [2023-07-29T10:11:34.517Z] Node Version:  v16.14.2
[debug] [2023-07-29T10:11:34.519Z] Time:          Sat Jul 29 2023 15:41:34 GMT+0530 (India Standard Time)
[debug] [2023-07-29T10:11:34.520Z] ----------------------------------------------------------------------
[debug] 
[debug] [2023-07-29T10:11:34.541Z] > command requires scopes: ["email","openid","https://www.googleapis.com/auth/cloudplatformprojects.readonly","https://www.googleapis.com/auth/firebase","https://www.googleapis.com/auth/cloud-platform"]
[debug] [2023-07-29T10:11:34.542Z] > authorizing via FIREBASE_TOKEN environment variable
[info] 
     ######## #### ########  ######## ########     ###     ######  ########
     ##        ##  ##     ## ##       ##     ##  ##   ##  ##       ##
     ######    ##  ########  ######   ########  #########  ######  ######
     ##        ##  ##    ##  ##       ##     ## ##     ##       ## ##
     ##       #### ##     ## ######## ########  ##     ##  ######  ########

You're about to initialize a Firebase project in this directory:

  C:\Users\rjskg\IdeaProjects\untitled\blog-app-api

[info] 
=== Project Setup
[info] 
[info] First, let's associate this project directory with a Firebase project.
[info] You can create multiple project aliases by running firebase use --add, 
[info] but for now we'll just set up a default project.
[info] 
[debug] [2023-07-29T10:12:00.258Z] > refreshing access token with scopes: []
[debug] [2023-07-29T10:12:00.261Z] >>> [apiv2][query] POST https://www.googleapis.com/oauth2/v3/token [none]
[debug] [2023-07-29T10:12:00.261Z] >>> [apiv2][body] POST https://www.googleapis.com/oauth2/v3/token [omitted]
[debug] [2023-07-29T10:12:00.990Z] <<< [apiv2][status] POST https://www.googleapis.com/oauth2/v3/token 400
[debug] [2023-07-29T10:12:00.991Z] <<< [apiv2][body] POST https://www.googleapis.com/oauth2/v3/token [omitted]
[debug] [2023-07-29T10:12:00.992Z] >>> [apiv2][query] GET https://firebase.googleapis.com/v1beta1/projects pageSize=100
[debug] [2023-07-29T10:12:02.042Z] <<< [apiv2][status] GET https://firebase.googleapis.com/v1beta1/projects 401
[debug] [2023-07-29T10:12:02.042Z] <<< [apiv2][body] GET https://firebase.googleapis.com/v1beta1/projects [omitted]
[debug] [2023-07-29T10:12:02.043Z] HTTP Error: 401, Request had invalid authentication credentials. Expected OAuth 2 access token, login cookie or other valid authentication credential. See https://developers.google.com/identity/sign-in/web/devconsole-project.
[debug] [2023-07-29T10:12:02.958Z] FirebaseError: HTTP Error: 401, Request had invalid authentication credentials. Expected OAuth 2 access token, login cookie or other valid authentication credential. See https://developers.google.com/identity/sign-in/web/devconsole-project.
    at responseToError (C:\Users\rjskg\AppData\Roaming\npm\node_modules\firebase-tools\lib\responseToError.js:49:12)
    at RetryOperation._fn (C:\Users\rjskg\AppData\Roaming\npm\node_modules\firebase-tools\lib\apiv2.js:287:77)
    at processTicksAndRejections (node:internal/process/task_queues:96:5)
[error] 
[error] Error: Failed to list Firebase projects. See firebase-debug.log for more info.
